[2015-12-17 17:22:48] [INFO]: Connected to WA server
[2015-12-17 17:22:50] [ERROR]: Blocked number or wrong password. Use blockChecker.php
[2015-12-17 17:23:49] [INFO]: Connected to WA server
[2015-12-17 17:23:50] [INFO]: 8801977974819 successfully logged in
[2015-12-17 17:23:50] [INFO]: text message with id CLf73NjrvvQw0 sent to 8801977974812
[2015-12-17 17:24:50] [ERROR]: Stream error ack
[2015-12-17 17:24:50] [INFO]: Disconnected from WA server
[2015-12-17 17:24:51] [INFO]: Connected to WA server
[2015-12-17 17:24:52] [INFO]: 8801977974819 successfully logged in
[2015-12-17 17:25:53] [ERROR]: Stream error ack
[2015-12-17 17:25:53] [INFO]: Disconnected from WA server
[2015-12-17 17:25:54] [INFO]: Connected to WA server
[2015-12-17 17:25:55] [INFO]: 8801977974819 successfully logged in
[2015-12-17 17:26:45] [INFO]: Connected to WA server
[2015-12-17 17:26:46] [INFO]: 8801977974819 successfully logged in
[2015-12-17 17:26:46] [INFO]: text message with id Em8hF970scp80 sent to 8801977974812
[2015-12-17 17:27:47] [ERROR]: Stream error ack
[2015-12-17 17:27:47] [INFO]: Disconnected from WA server
[2015-12-17 17:27:47] [INFO]: Connected to WA server
[2015-12-17 17:27:48] [INFO]: 8801977974819 successfully logged in
[2015-12-17 17:28:49] [ERROR]: Stream error ack
[2015-12-17 17:28:49] [INFO]: Disconnected from WA server
[2015-12-17 17:28:50] [INFO]: Connected to WA server
[2015-12-17 17:28:51] [INFO]: 8801977974819 successfully logged in
[2015-12-17 17:29:52] [ERROR]: Stream error ack
[2015-12-17 17:29:52] [INFO]: Disconnected from WA server
[2015-12-17 17:29:52] [INFO]: Connected to WA server
[2015-12-17 17:29:54] [INFO]: 8801977974819 successfully logged in
[2015-12-17 17:30:55] [ERROR]: Stream error ack
[2015-12-17 17:30:55] [INFO]: Disconnected from WA server
[2015-12-17 17:30:55] [INFO]: Connected to WA server
[2015-12-17 17:30:56] [INFO]: 8801977974819 successfully logged in
[2015-12-17 17:31:57] [ERROR]: Stream error ack
[2015-12-17 17:31:57] [INFO]: Disconnected from WA server
[2015-12-17 17:31:57] [INFO]: Connected to WA server
[2015-12-17 17:31:58] [INFO]: 8801977974819 successfully logged in
[2015-12-17 17:33:00] [ERROR]: Stream error ack
[2015-12-17 17:33:00] [INFO]: Disconnected from WA server
[2015-12-17 17:33:00] [INFO]: Connected to WA server
[2015-12-17 17:33:01] [INFO]: 8801977974819 successfully logged in
[2015-12-17 17:34:02] [ERROR]: Stream error ack
[2015-12-17 17:34:02] [INFO]: Disconnected from WA server
[2015-12-17 17:34:02] [INFO]: Connected to WA server
[2015-12-17 17:34:04] [INFO]: 8801977974819 successfully logged in
[2015-12-17 17:35:05] [ERROR]: Stream error ack
[2015-12-17 17:35:05] [INFO]: Disconnected from WA server
[2015-12-17 17:35:06] [INFO]: Connected to WA server
[2015-12-17 17:35:07] [INFO]: 8801977974819 successfully logged in
[2015-12-17 17:36:08] [ERROR]: Stream error ack
[2015-12-17 17:36:08] [INFO]: Disconnected from WA server
[2015-12-17 17:36:08] [INFO]: Connected to WA server
[2015-12-17 17:36:09] [INFO]: 8801977974819 successfully logged in
[2015-12-17 17:37:12] [ERROR]: Stream error ack
[2015-12-17 17:37:12] [INFO]: Disconnected from WA server
[2015-12-17 17:37:13] [INFO]: Connected to WA server
[2015-12-17 17:37:14] [INFO]: 8801977974819 successfully logged in
[2015-12-17 17:41:28] [INFO]: Connected to WA server
[2015-12-17 17:41:29] [INFO]: 8801977974819 successfully logged in
[2015-12-17 17:41:29] [INFO]: text message with id M8Ax0Utxej5F0 sent to 8801676829115
[2015-12-17 17:44:11] [INFO]: Connected to WA server
[2015-12-17 17:44:12] [INFO]: 8801977974819 successfully logged in
[2015-12-17 17:44:12] [INFO]: text message with id 5ebGn/mmQgGu0 sent to 8801676829115
[2015-12-17 17:45:12] [ERROR]: Stream error ack
[2015-12-17 17:45:12] [INFO]: Disconnected from WA server
[2015-12-17 17:45:13] [INFO]: Connected to WA server
[2015-12-17 17:45:14] [INFO]: 8801977974819 successfully logged in
[2015-12-17 17:46:14] [ERROR]: Stream error ack
[2015-12-17 17:46:14] [INFO]: Disconnected from WA server
[2015-12-17 17:46:15] [INFO]: Connected to WA server
[2015-12-17 17:46:16] [INFO]: 8801977974819 successfully logged in
[2015-12-17 17:47:17] [ERROR]: Stream error ack
[2015-12-17 17:47:17] [INFO]: Disconnected from WA server
[2015-12-17 17:47:17] [INFO]: Connected to WA server
[2015-12-17 17:47:19] [INFO]: 8801977974819 successfully logged in
[2015-12-17 17:48:20] [ERROR]: Stream error ack
[2015-12-17 17:48:20] [INFO]: Disconnected from WA server
[2015-12-17 17:48:20] [INFO]: Connected to WA server
[2015-12-17 17:48:21] [INFO]: 8801977974819 successfully logged in
[2015-12-17 17:49:22] [ERROR]: Stream error ack
[2015-12-17 17:49:22] [INFO]: Disconnected from WA server
[2015-12-17 17:49:22] [INFO]: Connected to WA server
[2015-12-17 17:49:23] [INFO]: 8801977974819 successfully logged in
[2015-12-17 17:49:41] [INFO]: Connected to WA server
[2015-12-17 17:49:42] [INFO]: 8801977974819 successfully logged in
[2015-12-17 17:49:42] [INFO]: text message with id +jnHtgZV6Wze0 sent to 8801676829115
[2015-12-17 17:50:44] [ERROR]: Stream error ack
[2015-12-17 17:50:44] [INFO]: Disconnected from WA server
[2015-12-17 17:50:45] [INFO]: Connected to WA server
[2015-12-17 17:50:46] [INFO]: 8801977974819 successfully logged in
[2015-12-17 17:51:47] [ERROR]: Stream error ack
[2015-12-17 17:51:47] [INFO]: Disconnected from WA server
[2015-12-17 17:51:47] [INFO]: Connected to WA server
[2015-12-17 17:51:48] [INFO]: 8801977974819 successfully logged in
[2015-12-17 17:52:37] [INFO]: Connected to WA server
[2015-12-17 17:52:38] [INFO]: 8801977974819 successfully logged in
[2015-12-17 17:52:38] [INFO]: text message with id +twcIngV7aJs0 sent to 8801676829115
[2015-12-17 17:53:43] [ERROR]: Stream error ack
[2015-12-17 17:53:43] [INFO]: Disconnected from WA server
[2015-12-17 18:11:11] [INFO]: Connected to WA server
[2015-12-17 18:11:14] [INFO]: 8801977974819 successfully logged in
[2015-12-17 18:11:28] [INFO]: Connected to WA server
[2015-12-17 18:11:29] [INFO]: 8801977974819 successfully logged in
[2015-12-17 18:12:30] [ERROR]: Stream error ack
[2015-12-17 18:12:30] [INFO]: Disconnected from WA server
[2015-12-18 10:45:49] [INFO]: Connected to WA server
[2015-12-18 10:45:50] [INFO]: 8801977974819 successfully logged in
[2015-12-18 10:45:50] [INFO]: text message with id FEGK5eEgjye80 sent to 8801676829115
[2015-12-18 10:46:51] [ERROR]: Stream error ack
[2015-12-18 10:46:51] [INFO]: Disconnected from WA server
[2015-12-18 10:46:51] [INFO]: Connected to WA server
[2015-12-18 10:46:52] [INFO]: 8801977974819 successfully logged in
[2015-12-18 10:47:54] [ERROR]: Stream error ack
[2015-12-18 10:47:54] [INFO]: Disconnected from WA server
[2015-12-18 10:47:55] [INFO]: Connected to WA server
[2015-12-18 10:47:57] [INFO]: 8801977974819 successfully logged in
[2015-12-18 10:48:57] [ERROR]: Stream error ack
[2015-12-18 10:48:57] [INFO]: Disconnected from WA server
[2015-12-18 10:48:57] [INFO]: Connected to WA server
[2015-12-18 10:48:59] [INFO]: 8801977974819 successfully logged in
[2015-12-18 10:50:00] [ERROR]: Stream error ack
[2015-12-18 10:50:00] [INFO]: Disconnected from WA server
[2015-12-18 10:50:00] [INFO]: Connected to WA server
[2015-12-18 10:50:01] [INFO]: 8801977974819 successfully logged in
[2015-12-18 10:51:02] [ERROR]: Stream error ack
[2015-12-18 10:51:02] [INFO]: Disconnected from WA server
[2015-12-18 10:51:02] [INFO]: Connected to WA server
[2015-12-18 10:51:03] [INFO]: 8801977974819 successfully logged in
[2015-12-18 10:52:04] [ERROR]: Stream error ack
[2015-12-18 10:52:04] [INFO]: Disconnected from WA server
[2015-12-18 10:52:05] [INFO]: Connected to WA server
[2015-12-18 10:52:06] [INFO]: 8801977974819 successfully logged in
[2015-12-18 10:53:07] [ERROR]: Stream error ack
[2015-12-18 10:53:07] [INFO]: Disconnected from WA server
[2015-12-18 10:53:07] [INFO]: Connected to WA server
[2015-12-18 10:53:08] [INFO]: 8801977974819 successfully logged in
[2015-12-18 10:54:10] [ERROR]: Stream error ack
[2015-12-18 10:54:10] [INFO]: Disconnected from WA server
[2015-12-18 10:54:10] [INFO]: Connected to WA server
[2015-12-18 10:54:11] [INFO]: 8801977974819 successfully logged in
[2015-12-18 10:55:12] [ERROR]: Stream error ack
[2015-12-18 10:55:12] [INFO]: Disconnected from WA server
[2015-12-18 10:55:12] [INFO]: Connected to WA server
[2015-12-18 10:55:14] [INFO]: 8801977974819 successfully logged in
[2015-12-18 10:56:15] [ERROR]: Stream error ack
[2015-12-18 10:56:15] [INFO]: Disconnected from WA server
[2015-12-18 10:56:15] [INFO]: Connected to WA server
[2015-12-18 10:56:16] [INFO]: 8801977974819 successfully logged in
[2015-12-18 11:01:17] [INFO]: Connected to WA server
[2015-12-18 11:01:18] [INFO]: 8801977974819 successfully logged in
[2015-12-18 11:01:18] [INFO]: text message with id bkTD/zdG8As+0 sent to 8801676829115
[2015-12-18 11:02:25] [ERROR]: Stream error ack
[2015-12-18 11:02:25] [INFO]: Disconnected from WA server
[2015-12-18 11:02:26] [INFO]: Connected to WA server
[2015-12-18 11:02:27] [INFO]: 8801977974819 successfully logged in
[2015-12-18 11:03:28] [ERROR]: Stream error ack
[2015-12-18 11:03:28] [INFO]: Disconnected from WA server
[2015-12-18 11:03:29] [INFO]: Connected to WA server
[2015-12-18 11:03:30] [INFO]: 8801977974819 successfully logged in
[2015-12-18 11:04:31] [ERROR]: Stream error ack
[2015-12-18 11:04:31] [INFO]: Disconnected from WA server
[2015-12-18 11:04:32] [INFO]: Connected to WA server
[2015-12-18 11:04:33] [INFO]: 8801977974819 successfully logged in
[2015-12-18 11:05:34] [ERROR]: Stream error ack
[2015-12-18 11:05:34] [INFO]: Disconnected from WA server
[2015-12-18 11:05:34] [INFO]: Connected to WA server
[2015-12-18 11:05:36] [INFO]: 8801977974819 successfully logged in
[2015-12-18 11:06:36] [ERROR]: Stream error ack
[2015-12-18 11:06:36] [INFO]: Disconnected from WA server
[2015-12-18 11:06:37] [INFO]: Connected to WA server
[2015-12-18 11:06:38] [INFO]: 8801977974819 successfully logged in
[2015-12-18 11:07:39] [ERROR]: Stream error ack
[2015-12-18 11:07:39] [INFO]: Disconnected from WA server
[2015-12-18 11:07:39] [INFO]: Connected to WA server
[2015-12-18 11:07:40] [INFO]: 8801977974819 successfully logged in
[2015-12-18 11:08:42] [ERROR]: Stream error ack
[2015-12-18 11:08:42] [INFO]: Disconnected from WA server
[2015-12-18 11:08:42] [INFO]: Connected to WA server
[2015-12-18 11:08:44] [INFO]: 8801977974819 successfully logged in
[2015-12-18 11:09:45] [ERROR]: Stream error ack
[2015-12-18 11:09:45] [INFO]: Disconnected from WA server
[2015-12-18 11:09:45] [INFO]: Connected to WA server
[2015-12-18 11:09:46] [INFO]: 8801977974819 successfully logged in
[2015-12-18 11:10:47] [ERROR]: Stream error ack
[2015-12-18 11:10:47] [INFO]: Disconnected from WA server
[2015-12-18 11:10:48] [INFO]: Connected to WA server
[2015-12-18 11:10:49] [INFO]: 8801977974819 successfully logged in
[2015-12-18 11:11:50] [ERROR]: Stream error ack
[2015-12-18 11:11:50] [INFO]: Disconnected from WA server
[2015-12-18 11:11:50] [INFO]: Connected to WA server
[2015-12-18 11:11:51] [INFO]: 8801977974819 successfully logged in
[2015-12-18 11:12:52] [ERROR]: Stream error ack
[2015-12-18 11:12:52] [INFO]: Disconnected from WA server
[2015-12-18 11:12:52] [INFO]: Connected to WA server
[2015-12-18 11:12:55] [INFO]: 8801977974819 successfully logged in
[2015-12-18 11:13:56] [ERROR]: Stream error ack
[2015-12-18 11:13:56] [INFO]: Disconnected from WA server
[2015-12-18 11:13:56] [INFO]: Connected to WA server
[2015-12-18 11:13:57] [INFO]: 8801977974819 successfully logged in
[2015-12-18 11:14:40] [INFO]: Connected to WA server
[2015-12-18 11:14:41] [INFO]: 8801977974819 successfully logged in
[2015-12-18 11:14:41] [INFO]: text message with id bOR2YoVBeHYi0 sent to 8801676829115
[2015-12-18 11:15:58] [ERROR]: Stream error ack
[2015-12-18 11:15:58] [INFO]: Disconnected from WA server
[2015-12-18 11:16:00] [INFO]: Connected to WA server
[2015-12-18 11:16:01] [INFO]: 8801977974819 successfully logged in
[2015-12-18 11:17:02] [ERROR]: Stream error ack
[2015-12-18 11:17:02] [INFO]: Disconnected from WA server
[2015-12-18 11:17:02] [INFO]: Connected to WA server
[2015-12-18 11:17:03] [INFO]: 8801977974819 successfully logged in
[2015-12-18 11:18:04] [ERROR]: Stream error ack
[2015-12-18 11:18:04] [INFO]: Disconnected from WA server
[2015-12-18 11:18:04] [INFO]: Connected to WA server
[2015-12-18 11:18:06] [INFO]: 8801977974819 successfully logged in
[2015-12-18 11:19:07] [ERROR]: Stream error ack
[2015-12-18 11:19:07] [INFO]: Disconnected from WA server
[2015-12-18 11:19:08] [INFO]: Connected to WA server
[2015-12-18 11:19:09] [INFO]: 8801977974819 successfully logged in
[2015-12-18 11:20:10] [ERROR]: Stream error ack
[2015-12-18 11:20:10] [INFO]: Disconnected from WA server
[2015-12-18 11:20:10] [INFO]: Connected to WA server
[2015-12-18 11:20:12] [INFO]: 8801977974819 successfully logged in
[2015-12-18 11:21:13] [ERROR]: Stream error ack
[2015-12-18 11:21:13] [INFO]: Disconnected from WA server
[2015-12-18 11:21:14] [INFO]: Connected to WA server
[2015-12-18 11:21:15] [INFO]: 8801977974819 successfully logged in
[2015-12-18 11:22:16] [ERROR]: Stream error ack
[2015-12-18 11:22:16] [INFO]: Disconnected from WA server
[2015-12-18 11:22:17] [INFO]: Connected to WA server
[2015-12-18 11:22:18] [INFO]: 8801977974819 successfully logged in
[2015-12-18 11:23:19] [ERROR]: Stream error ack
[2015-12-18 11:23:19] [INFO]: Disconnected from WA server
[2015-12-18 11:23:19] [INFO]: Connected to WA server
[2015-12-18 11:23:20] [INFO]: 8801977974819 successfully logged in
[2015-12-18 11:24:21] [ERROR]: Stream error ack
[2015-12-18 11:24:21] [INFO]: Disconnected from WA server
[2015-12-18 11:24:22] [INFO]: Connected to WA server
[2015-12-18 11:24:23] [INFO]: 8801977974819 successfully logged in
[2015-12-18 11:25:24] [ERROR]: Stream error ack
[2015-12-18 11:25:24] [INFO]: Disconnected from WA server
[2015-12-18 11:25:24] [INFO]: Connected to WA server
[2015-12-18 11:25:25] [INFO]: 8801977974819 successfully logged in
[2015-12-18 11:26:26] [ERROR]: Stream error ack
[2015-12-18 11:26:26] [INFO]: Disconnected from WA server
[2015-12-18 11:26:27] [INFO]: Connected to WA server
[2015-12-18 11:26:28] [INFO]: 8801977974819 successfully logged in
[2015-12-18 11:27:29] [ERROR]: Stream error ack
[2015-12-18 11:27:29] [INFO]: Disconnected from WA server
[2015-12-18 11:27:29] [INFO]: Connected to WA server
[2015-12-18 11:27:30] [INFO]: 8801977974819 successfully logged in
