This file contains any messages produced by compilers while
running configure, to aid debugging if configure makes a mistake.

It was created by telegram-cli configure 1.0, which was
generated by GNU Autoconf 2.69.  Invocation command line was

  $ ./configure 

## --------- ##
## Platform. ##
## --------- ##

hostname = absiddique
uname -m = i686
uname -r = 3.13.0-58-generic
uname -s = Linux
uname -v = #97-Ubuntu SMP Wed Jul 8 02:56:50 UTC 2015

/usr/bin/uname -p = unknown
/bin/uname -X     = unknown

/bin/arch              = unknown
/usr/bin/arch -k       = unknown
/usr/convex/getsysinfo = unknown
/usr/bin/hostinfo      = unknown
/bin/machine           = unknown
/usr/bin/oslevel       = unknown
/bin/universe          = unknown

PATH: /usr/local/sbin
PATH: /usr/local/bin
PATH: /usr/sbin
PATH: /usr/bin
PATH: /sbin
PATH: /bin
PATH: /usr/games
PATH: /usr/local/games


## ----------- ##
## Core tests. ##
## ----------- ##

configure:2752: checking for gcc
configure:2768: found /usr/bin/gcc
configure:2779: result: gcc
configure:3008: checking for C compiler version
configure:3017: gcc --version >&5
gcc (Ubuntu 4.8.4-2ubuntu1~14.04) 4.8.4
Copyright (C) 2013 Free Software Foundation, Inc.
This is free software; see the source for copying conditions.  There is NO
warranty; not even for MERCHANTABILITY or FITNESS FOR A PARTICULAR PURPOSE.

configure:3028: $? = 0
configure:3017: gcc -v >&5
Using built-in specs.
COLLECT_GCC=gcc
COLLECT_LTO_WRAPPER=/usr/lib/gcc/i686-linux-gnu/4.8/lto-wrapper
Target: i686-linux-gnu
Configured with: ../src/configure -v --with-pkgversion='Ubuntu 4.8.4-2ubuntu1~14.04' --with-bugurl=file:///usr/share/doc/gcc-4.8/README.Bugs --enable-languages=c,c++,java,go,d,fortran,objc,obj-c++ --prefix=/usr --program-suffix=-4.8 --enable-shared --enable-linker-build-id --libexecdir=/usr/lib --without-included-gettext --enable-threads=posix --with-gxx-include-dir=/usr/include/c++/4.8 --libdir=/usr/lib --enable-nls --with-sysroot=/ --enable-clocale=gnu --enable-libstdcxx-debug --enable-libstdcxx-time=yes --enable-gnu-unique-object --disable-libmudflap --enable-plugin --with-system-zlib --disable-browser-plugin --enable-java-awt=gtk --enable-gtk-cairo --with-java-home=/usr/lib/jvm/java-1.5.0-gcj-4.8-i386/jre --enable-java-home --with-jvm-root-dir=/usr/lib/jvm/java-1.5.0-gcj-4.8-i386 --with-jvm-jar-dir=/usr/lib/jvm-exports/java-1.5.0-gcj-4.8-i386 --with-arch-directory=i386 --with-ecj-jar=/usr/share/java/eclipse-ecj.jar --enable-objc-gc --enable-targets=all --enable-multiarch --disable-werror --with-arch-32=i686 --with-multilib-list=m32,m64,mx32 --with-tune=generic --enable-checking=release --build=i686-linux-gnu --host=i686-linux-gnu --target=i686-linux-gnu
Thread model: posix
gcc version 4.8.4 (Ubuntu 4.8.4-2ubuntu1~14.04) 
configure:3028: $? = 0
configure:3017: gcc -V >&5
gcc: error: unrecognized command line option '-V'
gcc: fatal error: no input files
compilation terminated.
configure:3028: $? = 4
configure:3017: gcc -qversion >&5
gcc: error: unrecognized command line option '-qversion'
gcc: fatal error: no input files
compilation terminated.
configure:3028: $? = 4
configure:3048: checking whether the C compiler works
configure:3070: gcc    conftest.c  >&5
configure:3074: $? = 0
configure:3122: result: yes
configure:3125: checking for C compiler default output file name
configure:3127: result: a.out
configure:3133: checking for suffix of executables
configure:3140: gcc -o conftest    conftest.c  >&5
configure:3144: $? = 0
configure:3166: result: 
configure:3188: checking whether we are cross compiling
configure:3196: gcc -o conftest    conftest.c  >&5
configure:3200: $? = 0
configure:3207: ./conftest
configure:3211: $? = 0
configure:3226: result: no
configure:3231: checking for suffix of object files
configure:3253: gcc -c   conftest.c >&5
configure:3257: $? = 0
configure:3278: result: o
configure:3282: checking whether we are using the GNU C compiler
configure:3301: gcc -c   conftest.c >&5
configure:3301: $? = 0
configure:3310: result: yes
configure:3319: checking whether gcc accepts -g
configure:3339: gcc -c -g  conftest.c >&5
configure:3339: $? = 0
configure:3380: result: yes
configure:3397: checking for gcc option to accept ISO C89
configure:3460: gcc  -c -g -O2  conftest.c >&5
configure:3460: $? = 0
configure:3473: result: none needed
configure:3500: checking for sqrt in -lm
configure:3525: gcc -o conftest -g -O2  -I/usr/local/include  -L/usr/local/lib conftest.c -lm   >&5
conftest.c:16:6: warning: conflicting types for built-in function 'sqrt' [enabled by default]
 char sqrt ();
      ^
configure:3525: $? = 0
configure:3534: result: yes
configure:3545: checking for library containing clock_gettime
configure:3576: gcc -o conftest -g -O2  -I/usr/local/include  -L/usr/local/lib conftest.c -lm  >&5
configure:3576: $? = 0
configure:3593: result: none required
configure:3601: checking for library containing backtrace
configure:3632: gcc -o conftest -g -O2  -I/usr/local/include  -L/usr/local/lib conftest.c -lm  >&5
configure:3632: $? = 0
configure:3649: result: none required
configure:3657: checking for event_base_new in -levent
configure:3682: gcc -o conftest -g -O2  -I/usr/local/include  -L/usr/local/lib conftest.c -levent  -lm  >&5
configure:3682: $? = 0
configure:3691: result: yes
configure:3712: checking how to run the C preprocessor
configure:3743: gcc -E  -I/usr/local/include conftest.c
configure:3743: $? = 0
configure:3757: gcc -E  -I/usr/local/include conftest.c
conftest.c:11:28: fatal error: ac_nonexistent.h: No such file or directory
 #include <ac_nonexistent.h>
                            ^
compilation terminated.
configure:3757: $? = 1
configure: failed program was:
| /* confdefs.h */
| #define PACKAGE_NAME "telegram-cli"
| #define PACKAGE_TARNAME "telegram-cli"
| #define PACKAGE_VERSION "1.0"
| #define PACKAGE_STRING "telegram-cli 1.0"
| #define PACKAGE_BUGREPORT ""
| #define PACKAGE_URL ""
| #define HAVE_LIBM 1
| #define HAVE_LIBEVENT 1
| /* end confdefs.h.  */
| #include <ac_nonexistent.h>
configure:3782: result: gcc -E
configure:3802: gcc -E  -I/usr/local/include conftest.c
configure:3802: $? = 0
configure:3816: gcc -E  -I/usr/local/include conftest.c
conftest.c:11:28: fatal error: ac_nonexistent.h: No such file or directory
 #include <ac_nonexistent.h>
                            ^
compilation terminated.
configure:3816: $? = 1
configure: failed program was:
| /* confdefs.h */
| #define PACKAGE_NAME "telegram-cli"
| #define PACKAGE_TARNAME "telegram-cli"
| #define PACKAGE_VERSION "1.0"
| #define PACKAGE_STRING "telegram-cli 1.0"
| #define PACKAGE_BUGREPORT ""
| #define PACKAGE_URL ""
| #define HAVE_LIBM 1
| #define HAVE_LIBEVENT 1
| /* end confdefs.h.  */
| #include <ac_nonexistent.h>
configure:3845: checking for grep that handles long lines and -e
configure:3903: result: /bin/grep
configure:3908: checking for egrep
configure:3970: result: /bin/grep -E
configure:3975: checking for ANSI C header files
configure:3995: gcc -c -g -O2  -I/usr/local/include conftest.c >&5
configure:3995: $? = 0
configure:4068: gcc -o conftest -g -O2  -I/usr/local/include  -L/usr/local/lib conftest.c -levent -lm  >&5
configure:4068: $? = 0
configure:4068: ./conftest
configure:4068: $? = 0
configure:4079: result: yes
configure:4092: checking for sys/types.h
configure:4092: gcc -c -g -O2  -I/usr/local/include conftest.c >&5
configure:4092: $? = 0
configure:4092: result: yes
configure:4092: checking for sys/stat.h
configure:4092: gcc -c -g -O2  -I/usr/local/include conftest.c >&5
configure:4092: $? = 0
configure:4092: result: yes
configure:4092: checking for stdlib.h
configure:4092: gcc -c -g -O2  -I/usr/local/include conftest.c >&5
configure:4092: $? = 0
configure:4092: result: yes
configure:4092: checking for string.h
configure:4092: gcc -c -g -O2  -I/usr/local/include conftest.c >&5
configure:4092: $? = 0
configure:4092: result: yes
configure:4092: checking for memory.h
configure:4092: gcc -c -g -O2  -I/usr/local/include conftest.c >&5
configure:4092: $? = 0
configure:4092: result: yes
configure:4092: checking for strings.h
configure:4092: gcc -c -g -O2  -I/usr/local/include conftest.c >&5
configure:4092: $? = 0
configure:4092: result: yes
configure:4092: checking for inttypes.h
configure:4092: gcc -c -g -O2  -I/usr/local/include conftest.c >&5
configure:4092: $? = 0
configure:4092: result: yes
configure:4092: checking for stdint.h
configure:4092: gcc -c -g -O2  -I/usr/local/include conftest.c >&5
configure:4092: $? = 0
configure:4092: result: yes
configure:4092: checking for unistd.h
configure:4092: gcc -c -g -O2  -I/usr/local/include conftest.c >&5
configure:4092: $? = 0
configure:4092: result: yes
configure:4104: checking event2/event.h usability
configure:4104: gcc -c -g -O2  -I/usr/local/include conftest.c >&5
configure:4104: $? = 0
configure:4104: result: yes
configure:4104: checking event2/event.h presence
configure:4104: gcc -E  -I/usr/local/include conftest.c
configure:4104: $? = 0
configure:4104: result: yes
configure:4104: checking for event2/event.h
configure:4104: result: yes
configure:4152: checking for pkg-config
configure:4170: found /usr/bin/pkg-config
configure:4182: result: /usr/bin/pkg-config
configure:4238: checking whether compiling and linking against OpenSSL works
Trying link with OPENSSL_LDFLAGS= ; OPENSSL_LIBS=-lssl -lcrypto  ; OPENSSL_INCLUDES= 
configure:4260: gcc -o conftest -g -O2    -I/usr/local/include  -L/usr/local/lib   conftest.c -lssl -lcrypto   -levent -lm  >&5
configure:4260: $? = 0
configure:4262: result: yes
configure:4286: checking if zlib is wanted
configure:4308: result: yes
configure:4339: checking for inflateEnd in -lz
configure:4364: gcc -o conftest -g -O2  -I/usr/local/include -I/usr/include  -L/usr/local/lib -L/usr/lib conftest.c -lz  -levent -lm  >&5
configure:4364: $? = 0
configure:4373: result: yes
configure:4381: checking zlib.h usability
configure:4381: gcc -c -g -O2  -I/usr/local/include -I/usr/include conftest.c >&5
configure:4381: $? = 0
configure:4381: result: yes
configure:4381: checking zlib.h presence
configure:4381: gcc -E  -I/usr/local/include -I/usr/include conftest.c
configure:4381: $? = 0
configure:4381: result: yes
configure:4381: checking for zlib.h
configure:4381: result: yes
configure:4417: checking for rl_save_prompt in -lreadline
configure:4442: gcc -o conftest -g -O2  -I/usr/local/include -I/usr/include -I/usr/include  -L/usr/local/lib -L/usr/lib -L/usr/lib conftest.c -lreadline  -lz -levent -lm  >&5
configure:4442: $? = 0
configure:4451: result: yes
configure:4460: checking for libconfig
configure:4522: result: enabled
configure:4524: checking for config_init in -lconfig
configure:4549: gcc -o conftest -g -O2  -I/usr/local/include -I/usr/include -I/usr/include  -L/usr/local/lib -L/usr/lib -L/usr/lib conftest.c -lconfig  -lz -levent -lm  >&5
configure:4549: $? = 0
configure:4558: result: yes
configure:4587: checking for liblua
configure:5265: result: enabled
configure:5277: checking for lua
configure:5295: found /usr/bin/lua
configure:5307: result: /usr/bin/lua
configure:5322: checking if /usr/bin/lua is a Lua interpreter
configure:5326: result: yes
configure:5343: checking for lua version
configure:5353: result: 5.2
configure:5363: checking for lua platform
configure:5370: result: unknown
configure:5380: checking for lua script directory
configure:5419: result: ${prefix}/share/lua/5.2
configure:5426: checking for lua module directory
configure:5465: result: ${exec_prefix}/lib/lua/5.2
configure:5474: checking if LUA_VERSION is defined
configure:5477: result: yes
configure:5496: checking lua.h usability
configure:5496: gcc -c -g -O2  -I/usr/local/include -I/usr/include -I/usr/include  conftest.c >&5
conftest.c:57:17: fatal error: lua.h: No such file or directory
 #include <lua.h>
                 ^
compilation terminated.
configure:5496: $? = 1
configure: failed program was:
| /* confdefs.h */
| #define PACKAGE_NAME "telegram-cli"
| #define PACKAGE_TARNAME "telegram-cli"
| #define PACKAGE_VERSION "1.0"
| #define PACKAGE_STRING "telegram-cli 1.0"
| #define PACKAGE_BUGREPORT ""
| #define PACKAGE_URL ""
| #define HAVE_LIBM 1
| #define HAVE_LIBEVENT 1
| #define STDC_HEADERS 1
| #define HAVE_SYS_TYPES_H 1
| #define HAVE_SYS_STAT_H 1
| #define HAVE_STDLIB_H 1
| #define HAVE_STRING_H 1
| #define HAVE_MEMORY_H 1
| #define HAVE_STRINGS_H 1
| #define HAVE_INTTYPES_H 1
| #define HAVE_STDINT_H 1
| #define HAVE_UNISTD_H 1
| #define EVENT_V2 1
| #define HAVE_LIBZ 1
| #define HAVE_LIBCONFIG 1
| /* end confdefs.h.  */
| #include <stdio.h>
| #ifdef HAVE_SYS_TYPES_H
| # include <sys/types.h>
| #endif
| #ifdef HAVE_SYS_STAT_H
| # include <sys/stat.h>
| #endif
| #ifdef STDC_HEADERS
| # include <stdlib.h>
| # include <stddef.h>
| #else
| # ifdef HAVE_STDLIB_H
| #  include <stdlib.h>
| # endif
| #endif
| #ifdef HAVE_STRING_H
| # if !defined STDC_HEADERS && defined HAVE_MEMORY_H
| #  include <memory.h>
| # endif
| # include <string.h>
| #endif
| #ifdef HAVE_STRINGS_H
| # include <strings.h>
| #endif
| #ifdef HAVE_INTTYPES_H
| # include <inttypes.h>
| #endif
| #ifdef HAVE_STDINT_H
| # include <stdint.h>
| #endif
| #ifdef HAVE_UNISTD_H
| # include <unistd.h>
| #endif
| #include <lua.h>
configure:5496: result: no
configure:5496: checking lua.h presence
configure:5496: gcc -E  -I/usr/local/include -I/usr/include -I/usr/include  conftest.c
conftest.c:24:17: fatal error: lua.h: No such file or directory
 #include <lua.h>
                 ^
compilation terminated.
configure:5496: $? = 1
configure: failed program was:
| /* confdefs.h */
| #define PACKAGE_NAME "telegram-cli"
| #define PACKAGE_TARNAME "telegram-cli"
| #define PACKAGE_VERSION "1.0"
| #define PACKAGE_STRING "telegram-cli 1.0"
| #define PACKAGE_BUGREPORT ""
| #define PACKAGE_URL ""
| #define HAVE_LIBM 1
| #define HAVE_LIBEVENT 1
| #define STDC_HEADERS 1
| #define HAVE_SYS_TYPES_H 1
| #define HAVE_SYS_STAT_H 1
| #define HAVE_STDLIB_H 1
| #define HAVE_STRING_H 1
| #define HAVE_MEMORY_H 1
| #define HAVE_STRINGS_H 1
| #define HAVE_INTTYPES_H 1
| #define HAVE_STDINT_H 1
| #define HAVE_UNISTD_H 1
| #define EVENT_V2 1
| #define HAVE_LIBZ 1
| #define HAVE_LIBCONFIG 1
| /* end confdefs.h.  */
| #include <lua.h>
configure:5496: result: no
configure:5496: checking for lua.h
configure:5496: result: no
configure:5496: checking lualib.h usability
configure:5496: gcc -c -g -O2  -I/usr/local/include -I/usr/include -I/usr/include  conftest.c >&5
conftest.c:57:20: fatal error: lualib.h: No such file or directory
 #include <lualib.h>
                    ^
compilation terminated.
configure:5496: $? = 1
configure: failed program was:
| /* confdefs.h */
| #define PACKAGE_NAME "telegram-cli"
| #define PACKAGE_TARNAME "telegram-cli"
| #define PACKAGE_VERSION "1.0"
| #define PACKAGE_STRING "telegram-cli 1.0"
| #define PACKAGE_BUGREPORT ""
| #define PACKAGE_URL ""
| #define HAVE_LIBM 1
| #define HAVE_LIBEVENT 1
| #define STDC_HEADERS 1
| #define HAVE_SYS_TYPES_H 1
| #define HAVE_SYS_STAT_H 1
| #define HAVE_STDLIB_H 1
| #define HAVE_STRING_H 1
| #define HAVE_MEMORY_H 1
| #define HAVE_STRINGS_H 1
| #define HAVE_INTTYPES_H 1
| #define HAVE_STDINT_H 1
| #define HAVE_UNISTD_H 1
| #define EVENT_V2 1
| #define HAVE_LIBZ 1
| #define HAVE_LIBCONFIG 1
| /* end confdefs.h.  */
| #include <stdio.h>
| #ifdef HAVE_SYS_TYPES_H
| # include <sys/types.h>
| #endif
| #ifdef HAVE_SYS_STAT_H
| # include <sys/stat.h>
| #endif
| #ifdef STDC_HEADERS
| # include <stdlib.h>
| # include <stddef.h>
| #else
| # ifdef HAVE_STDLIB_H
| #  include <stdlib.h>
| # endif
| #endif
| #ifdef HAVE_STRING_H
| # if !defined STDC_HEADERS && defined HAVE_MEMORY_H
| #  include <memory.h>
| # endif
| # include <string.h>
| #endif
| #ifdef HAVE_STRINGS_H
| # include <strings.h>
| #endif
| #ifdef HAVE_INTTYPES_H
| # include <inttypes.h>
| #endif
| #ifdef HAVE_STDINT_H
| # include <stdint.h>
| #endif
| #ifdef HAVE_UNISTD_H
| # include <unistd.h>
| #endif
| #include <lualib.h>
configure:5496: result: no
configure:5496: checking lualib.h presence
configure:5496: gcc -E  -I/usr/local/include -I/usr/include -I/usr/include  conftest.c
conftest.c:24:20: fatal error: lualib.h: No such file or directory
 #include <lualib.h>
                    ^
compilation terminated.
configure:5496: $? = 1
configure: failed program was:
| /* confdefs.h */
| #define PACKAGE_NAME "telegram-cli"
| #define PACKAGE_TARNAME "telegram-cli"
| #define PACKAGE_VERSION "1.0"
| #define PACKAGE_STRING "telegram-cli 1.0"
| #define PACKAGE_BUGREPORT ""
| #define PACKAGE_URL ""
| #define HAVE_LIBM 1
| #define HAVE_LIBEVENT 1
| #define STDC_HEADERS 1
| #define HAVE_SYS_TYPES_H 1
| #define HAVE_SYS_STAT_H 1
| #define HAVE_STDLIB_H 1
| #define HAVE_STRING_H 1
| #define HAVE_MEMORY_H 1
| #define HAVE_STRINGS_H 1
| #define HAVE_INTTYPES_H 1
| #define HAVE_STDINT_H 1
| #define HAVE_UNISTD_H 1
| #define EVENT_V2 1
| #define HAVE_LIBZ 1
| #define HAVE_LIBCONFIG 1
| /* end confdefs.h.  */
| #include <lualib.h>
configure:5496: result: no
configure:5496: checking for lualib.h
configure:5496: result: no
configure:5496: checking lauxlib.h usability
configure:5496: gcc -c -g -O2  -I/usr/local/include -I/usr/include -I/usr/include  conftest.c >&5
conftest.c:57:21: fatal error: lauxlib.h: No such file or directory
 #include <lauxlib.h>
                     ^
compilation terminated.
configure:5496: $? = 1
configure: failed program was:
| /* confdefs.h */
| #define PACKAGE_NAME "telegram-cli"
| #define PACKAGE_TARNAME "telegram-cli"
| #define PACKAGE_VERSION "1.0"
| #define PACKAGE_STRING "telegram-cli 1.0"
| #define PACKAGE_BUGREPORT ""
| #define PACKAGE_URL ""
| #define HAVE_LIBM 1
| #define HAVE_LIBEVENT 1
| #define STDC_HEADERS 1
| #define HAVE_SYS_TYPES_H 1
| #define HAVE_SYS_STAT_H 1
| #define HAVE_STDLIB_H 1
| #define HAVE_STRING_H 1
| #define HAVE_MEMORY_H 1
| #define HAVE_STRINGS_H 1
| #define HAVE_INTTYPES_H 1
| #define HAVE_STDINT_H 1
| #define HAVE_UNISTD_H 1
| #define EVENT_V2 1
| #define HAVE_LIBZ 1
| #define HAVE_LIBCONFIG 1
| /* end confdefs.h.  */
| #include <stdio.h>
| #ifdef HAVE_SYS_TYPES_H
| # include <sys/types.h>
| #endif
| #ifdef HAVE_SYS_STAT_H
| # include <sys/stat.h>
| #endif
| #ifdef STDC_HEADERS
| # include <stdlib.h>
| # include <stddef.h>
| #else
| # ifdef HAVE_STDLIB_H
| #  include <stdlib.h>
| # endif
| #endif
| #ifdef HAVE_STRING_H
| # if !defined STDC_HEADERS && defined HAVE_MEMORY_H
| #  include <memory.h>
| # endif
| # include <string.h>
| #endif
| #ifdef HAVE_STRINGS_H
| # include <strings.h>
| #endif
| #ifdef HAVE_INTTYPES_H
| # include <inttypes.h>
| #endif
| #ifdef HAVE_STDINT_H
| # include <stdint.h>
| #endif
| #ifdef HAVE_UNISTD_H
| # include <unistd.h>
| #endif
| #include <lauxlib.h>
configure:5496: result: no
configure:5496: checking lauxlib.h presence
configure:5496: gcc -E  -I/usr/local/include -I/usr/include -I/usr/include  conftest.c
conftest.c:24:21: fatal error: lauxlib.h: No such file or directory
 #include <lauxlib.h>
                     ^
compilation terminated.
configure:5496: $? = 1
configure: failed program was:
| /* confdefs.h */
| #define PACKAGE_NAME "telegram-cli"
| #define PACKAGE_TARNAME "telegram-cli"
| #define PACKAGE_VERSION "1.0"
| #define PACKAGE_STRING "telegram-cli 1.0"
| #define PACKAGE_BUGREPORT ""
| #define PACKAGE_URL ""
| #define HAVE_LIBM 1
| #define HAVE_LIBEVENT 1
| #define STDC_HEADERS 1
| #define HAVE_SYS_TYPES_H 1
| #define HAVE_SYS_STAT_H 1
| #define HAVE_STDLIB_H 1
| #define HAVE_STRING_H 1
| #define HAVE_MEMORY_H 1
| #define HAVE_STRINGS_H 1
| #define HAVE_INTTYPES_H 1
| #define HAVE_STDINT_H 1
| #define HAVE_UNISTD_H 1
| #define EVENT_V2 1
| #define HAVE_LIBZ 1
| #define HAVE_LIBCONFIG 1
| /* end confdefs.h.  */
| #include <lauxlib.h>
configure:5496: result: no
configure:5496: checking for lauxlib.h
configure:5496: result: no
configure:5496: checking luaconf.h usability
configure:5496: gcc -c -g -O2  -I/usr/local/include -I/usr/include -I/usr/include  conftest.c >&5
conftest.c:57:21: fatal error: luaconf.h: No such file or directory
 #include <luaconf.h>
                     ^
compilation terminated.
configure:5496: $? = 1
configure: failed program was:
| /* confdefs.h */
| #define PACKAGE_NAME "telegram-cli"
| #define PACKAGE_TARNAME "telegram-cli"
| #define PACKAGE_VERSION "1.0"
| #define PACKAGE_STRING "telegram-cli 1.0"
| #define PACKAGE_BUGREPORT ""
| #define PACKAGE_URL ""
| #define HAVE_LIBM 1
| #define HAVE_LIBEVENT 1
| #define STDC_HEADERS 1
| #define HAVE_SYS_TYPES_H 1
| #define HAVE_SYS_STAT_H 1
| #define HAVE_STDLIB_H 1
| #define HAVE_STRING_H 1
| #define HAVE_MEMORY_H 1
| #define HAVE_STRINGS_H 1
| #define HAVE_INTTYPES_H 1
| #define HAVE_STDINT_H 1
| #define HAVE_UNISTD_H 1
| #define EVENT_V2 1
| #define HAVE_LIBZ 1
| #define HAVE_LIBCONFIG 1
| /* end confdefs.h.  */
| #include <stdio.h>
| #ifdef HAVE_SYS_TYPES_H
| # include <sys/types.h>
| #endif
| #ifdef HAVE_SYS_STAT_H
| # include <sys/stat.h>
| #endif
| #ifdef STDC_HEADERS
| # include <stdlib.h>
| # include <stddef.h>
| #else
| # ifdef HAVE_STDLIB_H
| #  include <stdlib.h>
| # endif
| #endif
| #ifdef HAVE_STRING_H
| # if !defined STDC_HEADERS && defined HAVE_MEMORY_H
| #  include <memory.h>
| # endif
| # include <string.h>
| #endif
| #ifdef HAVE_STRINGS_H
| # include <strings.h>
| #endif
| #ifdef HAVE_INTTYPES_H
| # include <inttypes.h>
| #endif
| #ifdef HAVE_STDINT_H
| # include <stdint.h>
| #endif
| #ifdef HAVE_UNISTD_H
| # include <unistd.h>
| #endif
| #include <luaconf.h>
configure:5496: result: no
configure:5496: checking luaconf.h presence
configure:5496: gcc -E  -I/usr/local/include -I/usr/include -I/usr/include  conftest.c
conftest.c:24:21: fatal error: luaconf.h: No such file or directory
 #include <luaconf.h>
                     ^
compilation terminated.
configure:5496: $? = 1
configure: failed program was:
| /* confdefs.h */
| #define PACKAGE_NAME "telegram-cli"
| #define PACKAGE_TARNAME "telegram-cli"
| #define PACKAGE_VERSION "1.0"
| #define PACKAGE_STRING "telegram-cli 1.0"
| #define PACKAGE_BUGREPORT ""
| #define PACKAGE_URL ""
| #define HAVE_LIBM 1
| #define HAVE_LIBEVENT 1
| #define STDC_HEADERS 1
| #define HAVE_SYS_TYPES_H 1
| #define HAVE_SYS_STAT_H 1
| #define HAVE_STDLIB_H 1
| #define HAVE_STRING_H 1
| #define HAVE_MEMORY_H 1
| #define HAVE_STRINGS_H 1
| #define HAVE_INTTYPES_H 1
| #define HAVE_STDINT_H 1
| #define HAVE_UNISTD_H 1
| #define EVENT_V2 1
| #define HAVE_LIBZ 1
| #define HAVE_LIBCONFIG 1
| /* end confdefs.h.  */
| #include <luaconf.h>
configure:5496: result: no
configure:5496: checking for luaconf.h
configure:5496: result: no
configure:5520: checking for Lua headers in
configure:5522: result: /usr/include/lua5.2
configure:5535: checking lua.h usability
configure:5535: gcc -c -g -O2  -I/usr/local/include -I/usr/include -I/usr/include -I/usr/include/lua5.2 conftest.c >&5
configure:5535: $? = 0
configure:5535: result: yes
configure:5535: checking lua.h presence
configure:5535: gcc -E  -I/usr/local/include -I/usr/include -I/usr/include -I/usr/include/lua5.2 conftest.c
configure:5535: $? = 0
configure:5535: result: yes
configure:5535: checking for lua.h
configure:5535: result: yes
configure:5535: checking lualib.h usability
configure:5535: gcc -c -g -O2  -I/usr/local/include -I/usr/include -I/usr/include -I/usr/include/lua5.2 conftest.c >&5
configure:5535: $? = 0
configure:5535: result: yes
configure:5535: checking lualib.h presence
configure:5535: gcc -E  -I/usr/local/include -I/usr/include -I/usr/include -I/usr/include/lua5.2 conftest.c
configure:5535: $? = 0
configure:5535: result: yes
configure:5535: checking for lualib.h
configure:5535: result: yes
configure:5535: checking lauxlib.h usability
configure:5535: gcc -c -g -O2  -I/usr/local/include -I/usr/include -I/usr/include -I/usr/include/lua5.2 conftest.c >&5
configure:5535: $? = 0
configure:5535: result: yes
configure:5535: checking lauxlib.h presence
configure:5535: gcc -E  -I/usr/local/include -I/usr/include -I/usr/include -I/usr/include/lua5.2 conftest.c
configure:5535: $? = 0
configure:5535: result: yes
configure:5535: checking for lauxlib.h
configure:5535: result: yes
configure:5535: checking luaconf.h usability
configure:5535: gcc -c -g -O2  -I/usr/local/include -I/usr/include -I/usr/include -I/usr/include/lua5.2 conftest.c >&5
configure:5535: $? = 0
configure:5535: result: yes
configure:5535: checking luaconf.h presence
configure:5535: gcc -E  -I/usr/local/include -I/usr/include -I/usr/include -I/usr/include/lua5.2 conftest.c
configure:5535: $? = 0
configure:5535: result: yes
configure:5535: checking for luaconf.h
configure:5535: result: yes
configure:5558: checking for Lua header version
configure:5585: gcc -o conftest -g -O2  -I/usr/local/include -I/usr/include -I/usr/include -I/usr/include/lua5.2  -L/usr/local/lib -L/usr/lib -L/usr/lib conftest.c -lconfig -lz -levent -lm  >&5
configure:5585: $? = 0
configure:5585: ./conftest
configure:5585: $? = 0
configure:5600: result: 5.2
configure:5603: checking if Lua header version matches 5.2
configure:5606: result: yes
configure:5632: checking if LUA_VERSION is defined
configure:5635: result: yes
configure:5718: checking for library containing exp
configure:5749: gcc -o conftest -g -O2  -I/usr/local/include -I/usr/include -I/usr/include  -L/usr/local/lib -L/usr/lib -L/usr/lib conftest.c -lconfig -lz -levent -lm   >&5
conftest.c:35:6: warning: conflicting types for built-in function 'exp' [enabled by default]
 char exp ();
      ^
configure:5749: $? = 0
configure:5766: result: none required
configure:5774: checking for library containing dlopen
configure:5805: gcc -o conftest -g -O2  -I/usr/local/include -I/usr/include -I/usr/include  -L/usr/local/lib -L/usr/lib -L/usr/lib conftest.c -lconfig -lz -levent -lm   >&5
/tmp/cc6V6l5y.o: In function `main':
/home/touch/Projects/php/ezzipix/tg/conftest.c:39: undefined reference to `dlopen'
collect2: error: ld returned 1 exit status
configure:5805: $? = 1
configure: failed program was:
| /* confdefs.h */
| #define PACKAGE_NAME "telegram-cli"
| #define PACKAGE_TARNAME "telegram-cli"
| #define PACKAGE_VERSION "1.0"
| #define PACKAGE_STRING "telegram-cli 1.0"
| #define PACKAGE_BUGREPORT ""
| #define PACKAGE_URL ""
| #define HAVE_LIBM 1
| #define HAVE_LIBEVENT 1
| #define STDC_HEADERS 1
| #define HAVE_SYS_TYPES_H 1
| #define HAVE_SYS_STAT_H 1
| #define HAVE_STDLIB_H 1
| #define HAVE_STRING_H 1
| #define HAVE_MEMORY_H 1
| #define HAVE_STRINGS_H 1
| #define HAVE_INTTYPES_H 1
| #define HAVE_STDINT_H 1
| #define HAVE_UNISTD_H 1
| #define EVENT_V2 1
| #define HAVE_LIBZ 1
| #define HAVE_LIBCONFIG 1
| #define HAVE_LUA_H 1
| #define HAVE_LUALIB_H 1
| #define HAVE_LAUXLIB_H 1
| #define HAVE_LUACONF_H 1
| /* end confdefs.h.  */
| 
| /* Override any GCC internal prototype to avoid an error.
|    Use char because int might match the return type of a GCC
|    builtin and then its argument prototype would still apply.  */
| #ifdef __cplusplus
| extern "C"
| #endif
| char dlopen ();
| int
| main ()
| {
| return dlopen ();
|   ;
|   return 0;
| }
configure:5805: gcc -o conftest -g -O2  -I/usr/local/include -I/usr/include -I/usr/include  -L/usr/local/lib -L/usr/lib -L/usr/lib conftest.c -ldl  -lconfig -lz -levent -lm   >&5
configure:5805: $? = 0
configure:5822: result: -ldl
configure:5844: checking for library containing lua_load
configure:5879: gcc -o conftest -g -O2  -I/usr/local/include -I/usr/include -I/usr/include  -L/usr/local/lib -L/usr/lib -L/usr/lib conftest.c -lconfig -lz -levent -lm   >&5
/tmp/ccBsvIZD.o: In function `main':
/home/touch/Projects/php/ezzipix/tg/conftest.c:39: undefined reference to `lua_load'
collect2: error: ld returned 1 exit status
configure:5879: $? = 1
configure: failed program was:
| /* confdefs.h */
| #define PACKAGE_NAME "telegram-cli"
| #define PACKAGE_TARNAME "telegram-cli"
| #define PACKAGE_VERSION "1.0"
| #define PACKAGE_STRING "telegram-cli 1.0"
| #define PACKAGE_BUGREPORT ""
| #define PACKAGE_URL ""
| #define HAVE_LIBM 1
| #define HAVE_LIBEVENT 1
| #define STDC_HEADERS 1
| #define HAVE_SYS_TYPES_H 1
| #define HAVE_SYS_STAT_H 1
| #define HAVE_STDLIB_H 1
| #define HAVE_STRING_H 1
| #define HAVE_MEMORY_H 1
| #define HAVE_STRINGS_H 1
| #define HAVE_INTTYPES_H 1
| #define HAVE_STDINT_H 1
| #define HAVE_UNISTD_H 1
| #define EVENT_V2 1
| #define HAVE_LIBZ 1
| #define HAVE_LIBCONFIG 1
| #define HAVE_LUA_H 1
| #define HAVE_LUALIB_H 1
| #define HAVE_LAUXLIB_H 1
| #define HAVE_LUACONF_H 1
| /* end confdefs.h.  */
| 
| /* Override any GCC internal prototype to avoid an error.
|    Use char because int might match the return type of a GCC
|    builtin and then its argument prototype would still apply.  */
| #ifdef __cplusplus
| extern "C"
| #endif
| char lua_load ();
| int
| main ()
| {
| return lua_load ();
|   ;
|   return 0;
| }
configure:5879: gcc -o conftest -g -O2  -I/usr/local/include -I/usr/include -I/usr/include  -L/usr/local/lib -L/usr/lib -L/usr/lib conftest.c -llua5.2  -ldl -lconfig -lz -levent -lm   >&5
configure:5879: $? = 0
configure:5896: result: -llua5.2
configure:5934: checking for python
configure:6176: result: enabled
configure:6179: checking for python build information
configure:6181: result: 
configure:6188: checking for python3.4
configure:6204: found /usr/bin/python3.4
configure:6215: result: python3.4
configure:6229: checking for main in -lpython3.4
configure:6248: gcc -o conftest -g -O2  -I/usr/local/include -I/usr/include -I/usr/include -I/usr/include/lua5.2  -L/usr/local/lib -L/usr/lib -L/usr/lib conftest.c -lpython3.4  -lconfig -lz -levent -lm  >&5
/usr/bin/ld: cannot find -lpython3.4
collect2: error: ld returned 1 exit status
configure:6248: $? = 1
configure: failed program was:
| /* confdefs.h */
| #define PACKAGE_NAME "telegram-cli"
| #define PACKAGE_TARNAME "telegram-cli"
| #define PACKAGE_VERSION "1.0"
| #define PACKAGE_STRING "telegram-cli 1.0"
| #define PACKAGE_BUGREPORT ""
| #define PACKAGE_URL ""
| #define HAVE_LIBM 1
| #define HAVE_LIBEVENT 1
| #define STDC_HEADERS 1
| #define HAVE_SYS_TYPES_H 1
| #define HAVE_SYS_STAT_H 1
| #define HAVE_STDLIB_H 1
| #define HAVE_STRING_H 1
| #define HAVE_MEMORY_H 1
| #define HAVE_STRINGS_H 1
| #define HAVE_INTTYPES_H 1
| #define HAVE_STDINT_H 1
| #define HAVE_UNISTD_H 1
| #define EVENT_V2 1
| #define HAVE_LIBZ 1
| #define HAVE_LIBCONFIG 1
| #define HAVE_LUA_H 1
| #define HAVE_LUALIB_H 1
| #define HAVE_LAUXLIB_H 1
| #define HAVE_LUACONF_H 1
| #define USE_LUA 1
| /* end confdefs.h.  */
| 
| 
| int
| main ()
| {
| return main ();
|   ;
|   return 0;
| }
configure:6258: result: no
configure:6268: checking for main in -lpython3.4m
configure:6287: gcc -o conftest -g -O2  -I/usr/local/include -I/usr/include -I/usr/include -I/usr/include/lua5.2  -L/usr/local/lib -L/usr/lib -L/usr/lib conftest.c -lpython3.4m  -lconfig -lz -levent -lm  >&5
/usr/bin/ld: cannot find -lpython3.4m
collect2: error: ld returned 1 exit status
configure:6287: $? = 1
configure: failed program was:
| /* confdefs.h */
| #define PACKAGE_NAME "telegram-cli"
| #define PACKAGE_TARNAME "telegram-cli"
| #define PACKAGE_VERSION "1.0"
| #define PACKAGE_STRING "telegram-cli 1.0"
| #define PACKAGE_BUGREPORT ""
| #define PACKAGE_URL ""
| #define HAVE_LIBM 1
| #define HAVE_LIBEVENT 1
| #define STDC_HEADERS 1
| #define HAVE_SYS_TYPES_H 1
| #define HAVE_SYS_STAT_H 1
| #define HAVE_STDLIB_H 1
| #define HAVE_STRING_H 1
| #define HAVE_MEMORY_H 1
| #define HAVE_STRINGS_H 1
| #define HAVE_INTTYPES_H 1
| #define HAVE_STDINT_H 1
| #define HAVE_UNISTD_H 1
| #define EVENT_V2 1
| #define HAVE_LIBZ 1
| #define HAVE_LIBCONFIG 1
| #define HAVE_LUA_H 1
| #define HAVE_LUALIB_H 1
| #define HAVE_LAUXLIB_H 1
| #define HAVE_LUACONF_H 1
| #define USE_LUA 1
| /* end confdefs.h.  */
| 
| 
| int
| main ()
| {
| return main ();
|   ;
|   return 0;
| }
configure:6297: result: no
configure:6308: checking for main in -lpython3.4mu
configure:6327: gcc -o conftest -g -O2  -I/usr/local/include -I/usr/include -I/usr/include -I/usr/include/lua5.2  -L/usr/local/lib -L/usr/lib -L/usr/lib conftest.c -lpython3.4mu  -lconfig -lz -levent -lm  >&5
/usr/bin/ld: cannot find -lpython3.4mu
collect2: error: ld returned 1 exit status
configure:6327: $? = 1
configure: failed program was:
| /* confdefs.h */
| #define PACKAGE_NAME "telegram-cli"
| #define PACKAGE_TARNAME "telegram-cli"
| #define PACKAGE_VERSION "1.0"
| #define PACKAGE_STRING "telegram-cli 1.0"
| #define PACKAGE_BUGREPORT ""
| #define PACKAGE_URL ""
| #define HAVE_LIBM 1
| #define HAVE_LIBEVENT 1
| #define STDC_HEADERS 1
| #define HAVE_SYS_TYPES_H 1
| #define HAVE_SYS_STAT_H 1
| #define HAVE_STDLIB_H 1
| #define HAVE_STRING_H 1
| #define HAVE_MEMORY_H 1
| #define HAVE_STRINGS_H 1
| #define HAVE_INTTYPES_H 1
| #define HAVE_STDINT_H 1
| #define HAVE_UNISTD_H 1
| #define EVENT_V2 1
| #define HAVE_LIBZ 1
| #define HAVE_LIBCONFIG 1
| #define HAVE_LUA_H 1
| #define HAVE_LUALIB_H 1
| #define HAVE_LAUXLIB_H 1
| #define HAVE_LUACONF_H 1
| #define USE_LUA 1
| /* end confdefs.h.  */
| 
| 
| int
| main ()
| {
| return main ();
|   ;
|   return 0;
| }
configure:6337: result: no
configure:6188: checking for python3.3
configure:6218: result: no
configure:6188: checking for python3.2
configure:6218: result: no
configure:6188: checking for python3.1
configure:6218: result: no
configure:6188: checking for python3
configure:6204: found /usr/bin/python3
configure:6215: result: python3
configure:6229: checking for main in -lpython3
configure:6248: gcc -o conftest -g -O2  -I/usr/local/include -I/usr/include -I/usr/include -I/usr/include/lua5.2  -L/usr/local/lib -L/usr/lib -L/usr/lib conftest.c -lpython3  -lconfig -lz -levent -lm  >&5
/usr/bin/ld: cannot find -lpython3
collect2: error: ld returned 1 exit status
configure:6248: $? = 1
configure: failed program was:
| /* confdefs.h */
| #define PACKAGE_NAME "telegram-cli"
| #define PACKAGE_TARNAME "telegram-cli"
| #define PACKAGE_VERSION "1.0"
| #define PACKAGE_STRING "telegram-cli 1.0"
| #define PACKAGE_BUGREPORT ""
| #define PACKAGE_URL ""
| #define HAVE_LIBM 1
| #define HAVE_LIBEVENT 1
| #define STDC_HEADERS 1
| #define HAVE_SYS_TYPES_H 1
| #define HAVE_SYS_STAT_H 1
| #define HAVE_STDLIB_H 1
| #define HAVE_STRING_H 1
| #define HAVE_MEMORY_H 1
| #define HAVE_STRINGS_H 1
| #define HAVE_INTTYPES_H 1
| #define HAVE_STDINT_H 1
| #define HAVE_UNISTD_H 1
| #define EVENT_V2 1
| #define HAVE_LIBZ 1
| #define HAVE_LIBCONFIG 1
| #define HAVE_LUA_H 1
| #define HAVE_LUALIB_H 1
| #define HAVE_LAUXLIB_H 1
| #define HAVE_LUACONF_H 1
| #define USE_LUA 1
| /* end confdefs.h.  */
| 
| 
| int
| main ()
| {
| return main ();
|   ;
|   return 0;
| }
configure:6258: result: no
configure:6268: checking for main in -lpython3m
configure:6287: gcc -o conftest -g -O2  -I/usr/local/include -I/usr/include -I/usr/include -I/usr/include/lua5.2  -L/usr/local/lib -L/usr/lib -L/usr/lib conftest.c -lpython3m  -lconfig -lz -levent -lm  >&5
/usr/bin/ld: cannot find -lpython3m
collect2: error: ld returned 1 exit status
configure:6287: $? = 1
configure: failed program was:
| /* confdefs.h */
| #define PACKAGE_NAME "telegram-cli"
| #define PACKAGE_TARNAME "telegram-cli"
| #define PACKAGE_VERSION "1.0"
| #define PACKAGE_STRING "telegram-cli 1.0"
| #define PACKAGE_BUGREPORT ""
| #define PACKAGE_URL ""
| #define HAVE_LIBM 1
| #define HAVE_LIBEVENT 1
| #define STDC_HEADERS 1
| #define HAVE_SYS_TYPES_H 1
| #define HAVE_SYS_STAT_H 1
| #define HAVE_STDLIB_H 1
| #define HAVE_STRING_H 1
| #define HAVE_MEMORY_H 1
| #define HAVE_STRINGS_H 1
| #define HAVE_INTTYPES_H 1
| #define HAVE_STDINT_H 1
| #define HAVE_UNISTD_H 1
| #define EVENT_V2 1
| #define HAVE_LIBZ 1
| #define HAVE_LIBCONFIG 1
| #define HAVE_LUA_H 1
| #define HAVE_LUALIB_H 1
| #define HAVE_LAUXLIB_H 1
| #define HAVE_LUACONF_H 1
| #define USE_LUA 1
| /* end confdefs.h.  */
| 
| 
| int
| main ()
| {
| return main ();
|   ;
|   return 0;
| }
configure:6297: result: no
configure:6308: checking for main in -lpython3mu
configure:6327: gcc -o conftest -g -O2  -I/usr/local/include -I/usr/include -I/usr/include -I/usr/include/lua5.2  -L/usr/local/lib -L/usr/lib -L/usr/lib conftest.c -lpython3mu  -lconfig -lz -levent -lm  >&5
/usr/bin/ld: cannot find -lpython3mu
collect2: error: ld returned 1 exit status
configure:6327: $? = 1
configure: failed program was:
| /* confdefs.h */
| #define PACKAGE_NAME "telegram-cli"
| #define PACKAGE_TARNAME "telegram-cli"
| #define PACKAGE_VERSION "1.0"
| #define PACKAGE_STRING "telegram-cli 1.0"
| #define PACKAGE_BUGREPORT ""
| #define PACKAGE_URL ""
| #define HAVE_LIBM 1
| #define HAVE_LIBEVENT 1
| #define STDC_HEADERS 1
| #define HAVE_SYS_TYPES_H 1
| #define HAVE_SYS_STAT_H 1
| #define HAVE_STDLIB_H 1
| #define HAVE_STRING_H 1
| #define HAVE_MEMORY_H 1
| #define HAVE_STRINGS_H 1
| #define HAVE_INTTYPES_H 1
| #define HAVE_STDINT_H 1
| #define HAVE_UNISTD_H 1
| #define EVENT_V2 1
| #define HAVE_LIBZ 1
| #define HAVE_LIBCONFIG 1
| #define HAVE_LUA_H 1
| #define HAVE_LUALIB_H 1
| #define HAVE_LAUXLIB_H 1
| #define HAVE_LUACONF_H 1
| #define USE_LUA 1
| /* end confdefs.h.  */
| 
| 
| int
| main ()
| {
| return main ();
|   ;
|   return 0;
| }
configure:6337: result: no
configure:6188: checking for python2.7
configure:6204: found /usr/bin/python2.7
configure:6215: result: python2.7
configure:6229: checking for main in -lpython2.7
configure:6248: gcc -o conftest -g -O2  -I/usr/local/include -I/usr/include -I/usr/include -I/usr/include/lua5.2  -L/usr/local/lib -L/usr/lib -L/usr/lib conftest.c -lpython2.7  -lconfig -lz -levent -lm  >&5
configure:6248: $? = 0
configure:6258: result: yes
configure:6366: result:   results of the Python check:
configure:6368: result:     Binary:      python2.7
configure:6370: result:     Library:     python2.7
configure:6372: result:     Include Dir: /usr/include/python2.7
configure:6411: checking for libjansson
configure:6476: result: enabled
configure:6478: checking for json_array_set_new in -ljansson
configure:6503: gcc -o conftest -g -O2  -I/usr/local/include -I/usr/include -I/usr/include -I/usr/include/lua5.2 -I/usr/include/python2.7  -L/usr/local/lib -L/usr/lib -L/usr/lib conftest.c -ljansson  -lconfig -lz -levent -lm  >&5
configure:6503: $? = 0
configure:6512: result: yes
configure:6533: checking progname
configure:6557: result: default
configure:6585: checking execinfo.h usability
configure:6585: gcc -c -g -O2  -I/usr/local/include -I/usr/include -I/usr/include -I/usr/include/lua5.2 -I/usr/include/python2.7 conftest.c >&5
configure:6585: $? = 0
configure:6585: result: yes
configure:6585: checking execinfo.h presence
configure:6585: gcc -E  -I/usr/local/include -I/usr/include -I/usr/include -I/usr/include/lua5.2 -I/usr/include/python2.7 conftest.c
configure:6585: $? = 0
configure:6585: result: yes
configure:6585: checking for execinfo.h
configure:6585: result: yes
configure:6585: checking fcntl.h usability
configure:6585: gcc -c -g -O2  -I/usr/local/include -I/usr/include -I/usr/include -I/usr/include/lua5.2 -I/usr/include/python2.7 conftest.c >&5
configure:6585: $? = 0
configure:6585: result: yes
configure:6585: checking fcntl.h presence
configure:6585: gcc -E  -I/usr/local/include -I/usr/include -I/usr/include -I/usr/include/lua5.2 -I/usr/include/python2.7 conftest.c
configure:6585: $? = 0
configure:6585: result: yes
configure:6585: checking for fcntl.h
configure:6585: result: yes
configure:6585: checking malloc.h usability
configure:6585: gcc -c -g -O2  -I/usr/local/include -I/usr/include -I/usr/include -I/usr/include/lua5.2 -I/usr/include/python2.7 conftest.c >&5
configure:6585: $? = 0
configure:6585: result: yes
configure:6585: checking malloc.h presence
configure:6585: gcc -E  -I/usr/local/include -I/usr/include -I/usr/include -I/usr/include/lua5.2 -I/usr/include/python2.7 conftest.c
configure:6585: $? = 0
configure:6585: result: yes
configure:6585: checking for malloc.h
configure:6585: result: yes
configure:6585: checking netdb.h usability
configure:6585: gcc -c -g -O2  -I/usr/local/include -I/usr/include -I/usr/include -I/usr/include/lua5.2 -I/usr/include/python2.7 conftest.c >&5
configure:6585: $? = 0
configure:6585: result: yes
configure:6585: checking netdb.h presence
configure:6585: gcc -E  -I/usr/local/include -I/usr/include -I/usr/include -I/usr/include/lua5.2 -I/usr/include/python2.7 conftest.c
configure:6585: $? = 0
configure:6585: result: yes
configure:6585: checking for netdb.h
configure:6585: result: yes
configure:6585: checking for stdlib.h
configure:6585: result: yes
configure:6585: checking for string.h
configure:6585: result: yes
configure:6585: checking for unistd.h
configure:6585: result: yes
configure:6585: checking arpa/inet.h usability
configure:6585: gcc -c -g -O2  -I/usr/local/include -I/usr/include -I/usr/include -I/usr/include/lua5.2 -I/usr/include/python2.7 conftest.c >&5
configure:6585: $? = 0
configure:6585: result: yes
configure:6585: checking arpa/inet.h presence
configure:6585: gcc -E  -I/usr/local/include -I/usr/include -I/usr/include -I/usr/include/lua5.2 -I/usr/include/python2.7 conftest.c
configure:6585: $? = 0
configure:6585: result: yes
configure:6585: checking for arpa/inet.h
configure:6585: result: yes
configure:6585: checking mach/mach.h usability
configure:6585: gcc -c -g -O2  -I/usr/local/include -I/usr/include -I/usr/include -I/usr/include/lua5.2 -I/usr/include/python2.7 conftest.c >&5
conftest.c:73:23: fatal error: mach/mach.h: No such file or directory
 #include <mach/mach.h>
                       ^
compilation terminated.
configure:6585: $? = 1
configure: failed program was:
| /* confdefs.h */
| #define PACKAGE_NAME "telegram-cli"
| #define PACKAGE_TARNAME "telegram-cli"
| #define PACKAGE_VERSION "1.0"
| #define PACKAGE_STRING "telegram-cli 1.0"
| #define PACKAGE_BUGREPORT ""
| #define PACKAGE_URL ""
| #define HAVE_LIBM 1
| #define HAVE_LIBEVENT 1
| #define STDC_HEADERS 1
| #define HAVE_SYS_TYPES_H 1
| #define HAVE_SYS_STAT_H 1
| #define HAVE_STDLIB_H 1
| #define HAVE_STRING_H 1
| #define HAVE_MEMORY_H 1
| #define HAVE_STRINGS_H 1
| #define HAVE_INTTYPES_H 1
| #define HAVE_STDINT_H 1
| #define HAVE_UNISTD_H 1
| #define EVENT_V2 1
| #define HAVE_LIBZ 1
| #define HAVE_LIBCONFIG 1
| #define HAVE_LUA_H 1
| #define HAVE_LUALIB_H 1
| #define HAVE_LAUXLIB_H 1
| #define HAVE_LUACONF_H 1
| #define USE_LUA 1
| #define USE_PYTHON 1
| #define HAVE_LIBJANSSON 1
| #define USE_JSON 1
| #define HAVE_EXECINFO_H 1
| #define HAVE_FCNTL_H 1
| #define HAVE_MALLOC_H 1
| #define HAVE_NETDB_H 1
| #define HAVE_STDLIB_H 1
| #define HAVE_STRING_H 1
| #define HAVE_UNISTD_H 1
| #define HAVE_ARPA_INET_H 1
| /* end confdefs.h.  */
| #include <stdio.h>
| #ifdef HAVE_SYS_TYPES_H
| # include <sys/types.h>
| #endif
| #ifdef HAVE_SYS_STAT_H
| # include <sys/stat.h>
| #endif
| #ifdef STDC_HEADERS
| # include <stdlib.h>
| # include <stddef.h>
| #else
| # ifdef HAVE_STDLIB_H
| #  include <stdlib.h>
| # endif
| #endif
| #ifdef HAVE_STRING_H
| # if !defined STDC_HEADERS && defined HAVE_MEMORY_H
| #  include <memory.h>
| # endif
| # include <string.h>
| #endif
| #ifdef HAVE_STRINGS_H
| # include <strings.h>
| #endif
| #ifdef HAVE_INTTYPES_H
| # include <inttypes.h>
| #endif
| #ifdef HAVE_STDINT_H
| # include <stdint.h>
| #endif
| #ifdef HAVE_UNISTD_H
| # include <unistd.h>
| #endif
| #include <mach/mach.h>
configure:6585: result: no
configure:6585: checking mach/mach.h presence
configure:6585: gcc -E  -I/usr/local/include -I/usr/include -I/usr/include -I/usr/include/lua5.2 -I/usr/include/python2.7 conftest.c
conftest.c:40:23: fatal error: mach/mach.h: No such file or directory
 #include <mach/mach.h>
                       ^
compilation terminated.
configure:6585: $? = 1
configure: failed program was:
| /* confdefs.h */
| #define PACKAGE_NAME "telegram-cli"
| #define PACKAGE_TARNAME "telegram-cli"
| #define PACKAGE_VERSION "1.0"
| #define PACKAGE_STRING "telegram-cli 1.0"
| #define PACKAGE_BUGREPORT ""
| #define PACKAGE_URL ""
| #define HAVE_LIBM 1
| #define HAVE_LIBEVENT 1
| #define STDC_HEADERS 1
| #define HAVE_SYS_TYPES_H 1
| #define HAVE_SYS_STAT_H 1
| #define HAVE_STDLIB_H 1
| #define HAVE_STRING_H 1
| #define HAVE_MEMORY_H 1
| #define HAVE_STRINGS_H 1
| #define HAVE_INTTYPES_H 1
| #define HAVE_STDINT_H 1
| #define HAVE_UNISTD_H 1
| #define EVENT_V2 1
| #define HAVE_LIBZ 1
| #define HAVE_LIBCONFIG 1
| #define HAVE_LUA_H 1
| #define HAVE_LUALIB_H 1
| #define HAVE_LAUXLIB_H 1
| #define HAVE_LUACONF_H 1
| #define USE_LUA 1
| #define USE_PYTHON 1
| #define HAVE_LIBJANSSON 1
| #define USE_JSON 1
| #define HAVE_EXECINFO_H 1
| #define HAVE_FCNTL_H 1
| #define HAVE_MALLOC_H 1
| #define HAVE_NETDB_H 1
| #define HAVE_STDLIB_H 1
| #define HAVE_STRING_H 1
| #define HAVE_UNISTD_H 1
| #define HAVE_ARPA_INET_H 1
| /* end confdefs.h.  */
| #include <mach/mach.h>
configure:6585: result: no
configure:6585: checking for mach/mach.h
configure:6585: result: no
configure:6585: checking netinet/in.h usability
configure:6585: gcc -c -g -O2  -I/usr/local/include -I/usr/include -I/usr/include -I/usr/include/lua5.2 -I/usr/include/python2.7 conftest.c >&5
configure:6585: $? = 0
configure:6585: result: yes
configure:6585: checking netinet/in.h presence
configure:6585: gcc -E  -I/usr/local/include -I/usr/include -I/usr/include -I/usr/include/lua5.2 -I/usr/include/python2.7 conftest.c
configure:6585: $? = 0
configure:6585: result: yes
configure:6585: checking for netinet/in.h
configure:6585: result: yes
configure:6585: checking sys/file.h usability
configure:6585: gcc -c -g -O2  -I/usr/local/include -I/usr/include -I/usr/include -I/usr/include/lua5.2 -I/usr/include/python2.7 conftest.c >&5
configure:6585: $? = 0
configure:6585: result: yes
configure:6585: checking sys/file.h presence
configure:6585: gcc -E  -I/usr/local/include -I/usr/include -I/usr/include -I/usr/include/lua5.2 -I/usr/include/python2.7 conftest.c
configure:6585: $? = 0
configure:6585: result: yes
configure:6585: checking for sys/file.h
configure:6585: result: yes
configure:6585: checking sys/socket.h usability
configure:6585: gcc -c -g -O2  -I/usr/local/include -I/usr/include -I/usr/include -I/usr/include/lua5.2 -I/usr/include/python2.7 conftest.c >&5
configure:6585: $? = 0
configure:6585: result: yes
configure:6585: checking sys/socket.h presence
configure:6585: gcc -E  -I/usr/local/include -I/usr/include -I/usr/include -I/usr/include/lua5.2 -I/usr/include/python2.7 conftest.c
configure:6585: $? = 0
configure:6585: result: yes
configure:6585: checking for sys/socket.h
configure:6585: result: yes
configure:6585: checking termios.h usability
configure:6585: gcc -c -g -O2  -I/usr/local/include -I/usr/include -I/usr/include -I/usr/include/lua5.2 -I/usr/include/python2.7 conftest.c >&5
configure:6585: $? = 0
configure:6585: result: yes
configure:6585: checking termios.h presence
configure:6585: gcc -E  -I/usr/local/include -I/usr/include -I/usr/include -I/usr/include/lua5.2 -I/usr/include/python2.7 conftest.c
configure:6585: $? = 0
configure:6585: result: yes
configure:6585: checking for termios.h
configure:6585: result: yes
configure:6597: checking for size_t
configure:6597: gcc -c -g -O2  -I/usr/local/include -I/usr/include -I/usr/include -I/usr/include/lua5.2 -I/usr/include/python2.7 conftest.c >&5
configure:6597: $? = 0
configure:6597: gcc -c -g -O2  -I/usr/local/include -I/usr/include -I/usr/include -I/usr/include/lua5.2 -I/usr/include/python2.7 conftest.c >&5
conftest.c: In function 'main':
conftest.c:80:21: error: expected expression before ')' token
 if (sizeof ((size_t)))
                     ^
configure:6597: $? = 1
configure: failed program was:
| /* confdefs.h */
| #define PACKAGE_NAME "telegram-cli"
| #define PACKAGE_TARNAME "telegram-cli"
| #define PACKAGE_VERSION "1.0"
| #define PACKAGE_STRING "telegram-cli 1.0"
| #define PACKAGE_BUGREPORT ""
| #define PACKAGE_URL ""
| #define HAVE_LIBM 1
| #define HAVE_LIBEVENT 1
| #define STDC_HEADERS 1
| #define HAVE_SYS_TYPES_H 1
| #define HAVE_SYS_STAT_H 1
| #define HAVE_STDLIB_H 1
| #define HAVE_STRING_H 1
| #define HAVE_MEMORY_H 1
| #define HAVE_STRINGS_H 1
| #define HAVE_INTTYPES_H 1
| #define HAVE_STDINT_H 1
| #define HAVE_UNISTD_H 1
| #define EVENT_V2 1
| #define HAVE_LIBZ 1
| #define HAVE_LIBCONFIG 1
| #define HAVE_LUA_H 1
| #define HAVE_LUALIB_H 1
| #define HAVE_LAUXLIB_H 1
| #define HAVE_LUACONF_H 1
| #define USE_LUA 1
| #define USE_PYTHON 1
| #define HAVE_LIBJANSSON 1
| #define USE_JSON 1
| #define HAVE_EXECINFO_H 1
| #define HAVE_FCNTL_H 1
| #define HAVE_MALLOC_H 1
| #define HAVE_NETDB_H 1
| #define HAVE_STDLIB_H 1
| #define HAVE_STRING_H 1
| #define HAVE_UNISTD_H 1
| #define HAVE_ARPA_INET_H 1
| #define HAVE_NETINET_IN_H 1
| #define HAVE_SYS_FILE_H 1
| #define HAVE_SYS_SOCKET_H 1
| #define HAVE_TERMIOS_H 1
| /* end confdefs.h.  */
| #include <stdio.h>
| #ifdef HAVE_SYS_TYPES_H
| # include <sys/types.h>
| #endif
| #ifdef HAVE_SYS_STAT_H
| # include <sys/stat.h>
| #endif
| #ifdef STDC_HEADERS
| # include <stdlib.h>
| # include <stddef.h>
| #else
| # ifdef HAVE_STDLIB_H
| #  include <stdlib.h>
| # endif
| #endif
| #ifdef HAVE_STRING_H
| # if !defined STDC_HEADERS && defined HAVE_MEMORY_H
| #  include <memory.h>
| # endif
| # include <string.h>
| #endif
| #ifdef HAVE_STRINGS_H
| # include <strings.h>
| #endif
| #ifdef HAVE_INTTYPES_H
| # include <inttypes.h>
| #endif
| #ifdef HAVE_STDINT_H
| # include <stdint.h>
| #endif
| #ifdef HAVE_UNISTD_H
| # include <unistd.h>
| #endif
| int
| main ()
| {
| if (sizeof ((size_t)))
| 	    return 0;
|   ;
|   return 0;
| }
configure:6597: result: yes
configure:6608: checking for uid_t in sys/types.h
configure:6627: result: yes
configure:6638: checking for inline
configure:6654: gcc -c -g -O2  -I/usr/local/include -I/usr/include -I/usr/include -I/usr/include/lua5.2 -I/usr/include/python2.7 conftest.c >&5
configure:6654: $? = 0
configure:6662: result: inline
configure:6684: checking for stdlib.h
configure:6684: result: yes
configure:6694: checking for GNU libc compatible malloc
configure:6718: gcc -o conftest -g -O2  -I/usr/local/include -I/usr/include -I/usr/include -I/usr/include/lua5.2 -I/usr/include/python2.7  -L/usr/local/lib -L/usr/lib -L/usr/lib conftest.c -ljansson -lconfig -lz -levent -lm  >&5
configure:6718: $? = 0
configure:6718: ./conftest
configure:6718: $? = 0
configure:6728: result: yes
configure:6751: checking for stdlib.h
configure:6751: result: yes
configure:6761: checking for GNU libc compatible realloc
configure:6785: gcc -o conftest -g -O2  -I/usr/local/include -I/usr/include -I/usr/include -I/usr/include/lua5.2 -I/usr/include/python2.7  -L/usr/local/lib -L/usr/lib -L/usr/lib conftest.c -ljansson -lconfig -lz -levent -lm  >&5
configure:6785: $? = 0
configure:6785: ./conftest
configure:6785: $? = 0
configure:6795: result: yes
configure:6819: checking for alarm
configure:6819: gcc -o conftest -g -O2  -I/usr/local/include -I/usr/include -I/usr/include -I/usr/include/lua5.2 -I/usr/include/python2.7  -L/usr/local/lib -L/usr/lib -L/usr/lib conftest.c -ljansson -lconfig -lz -levent -lm  >&5
configure:6819: $? = 0
configure:6819: result: yes
configure:6819: checking for endpwent
configure:6819: gcc -o conftest -g -O2  -I/usr/local/include -I/usr/include -I/usr/include -I/usr/include/lua5.2 -I/usr/include/python2.7  -L/usr/local/lib -L/usr/lib -L/usr/lib conftest.c -ljansson -lconfig -lz -levent -lm  >&5
configure:6819: $? = 0
configure:6819: result: yes
configure:6819: checking for memset
configure:6819: gcc -o conftest -g -O2  -I/usr/local/include -I/usr/include -I/usr/include -I/usr/include/lua5.2 -I/usr/include/python2.7  -L/usr/local/lib -L/usr/lib -L/usr/lib conftest.c -ljansson -lconfig -lz -levent -lm  >&5
conftest.c:73:6: warning: conflicting types for built-in function 'memset' [enabled by default]
 char memset ();
      ^
configure:6819: $? = 0
configure:6819: result: yes
configure:6819: checking for memmove
configure:6819: gcc -o conftest -g -O2  -I/usr/local/include -I/usr/include -I/usr/include -I/usr/include/lua5.2 -I/usr/include/python2.7  -L/usr/local/lib -L/usr/lib -L/usr/lib conftest.c -ljansson -lconfig -lz -levent -lm  >&5
conftest.c:74:6: warning: conflicting types for built-in function 'memmove' [enabled by default]
 char memmove ();
      ^
configure:6819: $? = 0
configure:6819: result: yes
configure:6819: checking for mkdir
configure:6819: gcc -o conftest -g -O2  -I/usr/local/include -I/usr/include -I/usr/include -I/usr/include/lua5.2 -I/usr/include/python2.7  -L/usr/local/lib -L/usr/lib -L/usr/lib conftest.c -ljansson -lconfig -lz -levent -lm  >&5
configure:6819: $? = 0
configure:6819: result: yes
configure:6819: checking for select
configure:6819: gcc -o conftest -g -O2  -I/usr/local/include -I/usr/include -I/usr/include -I/usr/include/lua5.2 -I/usr/include/python2.7  -L/usr/local/lib -L/usr/lib -L/usr/lib conftest.c -ljansson -lconfig -lz -levent -lm  >&5
configure:6819: $? = 0
configure:6819: result: yes
configure:6819: checking for socket
configure:6819: gcc -o conftest -g -O2  -I/usr/local/include -I/usr/include -I/usr/include -I/usr/include/lua5.2 -I/usr/include/python2.7  -L/usr/local/lib -L/usr/lib -L/usr/lib conftest.c -ljansson -lconfig -lz -levent -lm  >&5
configure:6819: $? = 0
configure:6819: result: yes
configure:6819: checking for strdup
configure:6819: gcc -o conftest -g -O2  -I/usr/local/include -I/usr/include -I/usr/include -I/usr/include/lua5.2 -I/usr/include/python2.7  -L/usr/local/lib -L/usr/lib -L/usr/lib conftest.c -ljansson -lconfig -lz -levent -lm  >&5
conftest.c:78:6: warning: conflicting types for built-in function 'strdup' [enabled by default]
 char strdup ();
      ^
configure:6819: $? = 0
configure:6819: result: yes
configure:6819: checking for strndup
configure:6819: gcc -o conftest -g -O2  -I/usr/local/include -I/usr/include -I/usr/include -I/usr/include/lua5.2 -I/usr/include/python2.7  -L/usr/local/lib -L/usr/lib -L/usr/lib conftest.c -ljansson -lconfig -lz -levent -lm  >&5
conftest.c:79:6: warning: conflicting types for built-in function 'strndup' [enabled by default]
 char strndup ();
      ^
configure:6819: $? = 0
configure:6819: result: yes
configure:6819: checking for uname
configure:6819: gcc -o conftest -g -O2  -I/usr/local/include -I/usr/include -I/usr/include -I/usr/include/lua5.2 -I/usr/include/python2.7  -L/usr/local/lib -L/usr/lib -L/usr/lib conftest.c -ljansson -lconfig -lz -levent -lm  >&5
configure:6819: $? = 0
configure:6819: result: yes
configure:6832: checking for __builtin_bswap32
configure:6851: gcc -o conftest -g -O2  -I/usr/local/include -I/usr/include -I/usr/include -I/usr/include/lua5.2 -I/usr/include/python2.7  -L/usr/local/lib -L/usr/lib -L/usr/lib conftest.c -ljansson -lconfig -lz -levent -lm  >&5
configure:6851: $? = 0
configure:6860: result: yes
configure:6991: creating ./config.status

## ---------------------- ##
## Running config.status. ##
## ---------------------- ##

This file was extended by telegram-cli config.status 1.0, which was
generated by GNU Autoconf 2.69.  Invocation command line was

  CONFIG_FILES    = 
  CONFIG_HEADERS  = 
  CONFIG_LINKS    = 
  CONFIG_COMMANDS = 
  $ ./config.status 

on absiddique

config.status:860: creating Makefile
config.status:860: creating config.h

## ---------------- ##
## Cache variables. ##
## ---------------- ##

ac_cv_c_compiler_gnu=yes
ac_cv_c_inline=inline
ac_cv_env_CC_set=
ac_cv_env_CC_value=
ac_cv_env_CFLAGS_set=
ac_cv_env_CFLAGS_value=
ac_cv_env_CPPFLAGS_set=
ac_cv_env_CPPFLAGS_value=
ac_cv_env_CPP_set=
ac_cv_env_CPP_value=
ac_cv_env_LDFLAGS_set=
ac_cv_env_LDFLAGS_value=
ac_cv_env_LIBS_set=
ac_cv_env_LIBS_value=
ac_cv_env_LUA_INCLUDE_set=
ac_cv_env_LUA_INCLUDE_value=
ac_cv_env_LUA_LIB_set=
ac_cv_env_LUA_LIB_value=
ac_cv_env_LUA_set=
ac_cv_env_LUA_value=
ac_cv_env_build_alias_set=
ac_cv_env_build_alias_value=
ac_cv_env_host_alias_set=
ac_cv_env_host_alias_value=
ac_cv_env_target_alias_set=
ac_cv_env_target_alias_value=
ac_cv_func_alarm=yes
ac_cv_func_endpwent=yes
ac_cv_func_malloc_0_nonnull=yes
ac_cv_func_memmove=yes
ac_cv_func_memset=yes
ac_cv_func_mkdir=yes
ac_cv_func_realloc_0_nonnull=yes
ac_cv_func_select=yes
ac_cv_func_socket=yes
ac_cv_func_strdup=yes
ac_cv_func_strndup=yes
ac_cv_func_uname=yes
ac_cv_header_arpa_inet_h=yes
ac_cv_header_event2_event_h=yes
ac_cv_header_execinfo_h=yes
ac_cv_header_fcntl_h=yes
ac_cv_header_inttypes_h=yes
ac_cv_header_lauxlib_h=yes
ac_cv_header_lua_h=yes
ac_cv_header_luaconf_h=yes
ac_cv_header_lualib_h=yes
ac_cv_header_mach_mach_h=no
ac_cv_header_malloc_h=yes
ac_cv_header_memory_h=yes
ac_cv_header_netdb_h=yes
ac_cv_header_netinet_in_h=yes
ac_cv_header_stdc=yes
ac_cv_header_stdint_h=yes
ac_cv_header_stdlib_h=yes
ac_cv_header_string_h=yes
ac_cv_header_strings_h=yes
ac_cv_header_sys_file_h=yes
ac_cv_header_sys_socket_h=yes
ac_cv_header_sys_stat_h=yes
ac_cv_header_sys_types_h=yes
ac_cv_header_termios_h=yes
ac_cv_header_unistd_h=yes
ac_cv_header_zlib_h=yes
ac_cv_lib_config_config_init=yes
ac_cv_lib_event_event_base_new=yes
ac_cv_lib_jansson_json_array_set_new=yes
ac_cv_lib_m_sqrt=yes
ac_cv_lib_python2_7___main=yes
ac_cv_lib_python3_4___main=no
ac_cv_lib_python3_4m___main=no
ac_cv_lib_python3_4mu___main=no
ac_cv_lib_python3___main=no
ac_cv_lib_python3m___main=no
ac_cv_lib_python3mu___main=no
ac_cv_lib_readline_rl_save_prompt=yes
ac_cv_lib_z_inflateEnd=yes
ac_cv_objext=o
ac_cv_path_EGREP='/bin/grep -E'
ac_cv_path_GREP=/bin/grep
ac_cv_path_LUA=/usr/bin/lua
ac_cv_path_PKG_CONFIG=/usr/bin/pkg-config
ac_cv_prog_CPP='gcc -E'
ac_cv_prog_PYTHON_BIN=python2.7
ac_cv_prog_ac_ct_CC=gcc
ac_cv_prog_cc_c89=
ac_cv_prog_cc_g=yes
ac_cv_search_backtrace='none required'
ac_cv_search_clock_gettime='none required'
ac_cv_search_dlopen=-ldl
ac_cv_search_exp='none required'
ac_cv_search_lua_load=-llua5.2
ac_cv_type_size_t=yes
ac_cv_type_uid_t=yes
ax_cv_have___builtin_bswap32=yes
ax_cv_lua_header_version=5.2
ax_cv_lua_luadir='${prefix}/share/lua/5.2'
ax_cv_lua_luaexecdir='${exec_prefix}/lib/lua/5.2'
ax_cv_lua_platform=unknown
ax_cv_lua_version=5.2
zlib_cv_libz=yes
zlib_cv_zlib_h=yes

## ----------------- ##
## Output variables. ##
## ----------------- ##

CC='gcc'
CFLAGS='-g -O2'
CPP='gcc -E'
CPPFLAGS=' -I/usr/local/include -I/usr/include -I/usr/include -I/usr/include/lua5.2 -I/usr/include/python2.7'
DEFS='-DHAVE_CONFIG_H'
ECHO_C=''
ECHO_N='-n'
ECHO_T=''
EGREP='/bin/grep -E'
EXEEXT=''
EXTRA_LIBS=' -lreadline -llua5.2  -ldl -lpython2.7'
GREP='/bin/grep'
LDFLAGS=' -L/usr/local/lib -L/usr/lib -L/usr/lib'
LIBOBJS=''
LIBS='-ljansson -lconfig -lz -levent -lm '
LTLIBOBJS=''
LUA='/usr/bin/lua'
LUA_EXEC_PREFIX='${exec_prefix}'
LUA_INCLUDE='-I/usr/include/lua5.2'
LUA_LIB='-llua5.2  -ldl'
LUA_PLATFORM='unknown'
LUA_PREFIX='${prefix}'
LUA_SHORT_VERSION='52'
LUA_VERSION='5.2'
OBJEXT='o'
OPENSSL_INCLUDES=' '
OPENSSL_LDFLAGS=' '
OPENSSL_LIBS='-lssl -lcrypto  '
PACKAGE_BUGREPORT=''
PACKAGE_NAME='telegram-cli'
PACKAGE_STRING='telegram-cli 1.0'
PACKAGE_TARNAME='telegram-cli'
PACKAGE_URL=''
PACKAGE_VERSION='1.0'
PATH_SEPARATOR=':'
PKG_CONFIG='/usr/bin/pkg-config'
PYTHON_BIN='python2.7'
PYTHON_CFLAGS=''
PYTHON_FOUND='yes'
PYTHON_INCLUDE_DIR='/usr/include/python2.7'
PYTHON_LIB='python2.7'
PYTHON_LIBS=''
SHELL='/bin/bash'
ac_ct_CC='gcc'
bindir='${exec_prefix}/bin'
build_alias=''
datadir='${datarootdir}'
datarootdir='${prefix}/share'
docdir='${datarootdir}/doc/${PACKAGE_TARNAME}'
dvidir='${docdir}'
exec_prefix='${prefix}'
host_alias=''
htmldir='${docdir}'
includedir='${prefix}/include'
infodir='${datarootdir}/info'
libdir='${exec_prefix}/lib'
libexecdir='${exec_prefix}/libexec'
localedir='${datarootdir}/locale'
localstatedir='${prefix}/var'
luadir='${prefix}/share/lua/5.2'
luaexecdir='${exec_prefix}/lib/lua/5.2'
mandir='${datarootdir}/man'
oldincludedir='/usr/include'
pdfdir='${docdir}'
pkgluadir='${luadir}/'
pkgluaexecdir='${luaexecdir}/'
prefix='/usr/local'
program_transform_name='s,x,x,'
psdir='${docdir}'
sbindir='${exec_prefix}/sbin'
sharedstatedir='${prefix}/com'
sysconfdir='${prefix}/etc'
target_alias=''

## ----------- ##
## confdefs.h. ##
## ----------- ##

/* confdefs.h */
#define PACKAGE_NAME "telegram-cli"
#define PACKAGE_TARNAME "telegram-cli"
#define PACKAGE_VERSION "1.0"
#define PACKAGE_STRING "telegram-cli 1.0"
#define PACKAGE_BUGREPORT ""
#define PACKAGE_URL ""
#define HAVE_LIBM 1
#define HAVE_LIBEVENT 1
#define STDC_HEADERS 1
#define HAVE_SYS_TYPES_H 1
#define HAVE_SYS_STAT_H 1
#define HAVE_STDLIB_H 1
#define HAVE_STRING_H 1
#define HAVE_MEMORY_H 1
#define HAVE_STRINGS_H 1
#define HAVE_INTTYPES_H 1
#define HAVE_STDINT_H 1
#define HAVE_UNISTD_H 1
#define EVENT_V2 1
#define HAVE_LIBZ 1
#define HAVE_LIBCONFIG 1
#define HAVE_LUA_H 1
#define HAVE_LUALIB_H 1
#define HAVE_LAUXLIB_H 1
#define HAVE_LUACONF_H 1
#define USE_LUA 1
#define USE_PYTHON 1
#define HAVE_LIBJANSSON 1
#define USE_JSON 1
#define HAVE_EXECINFO_H 1
#define HAVE_FCNTL_H 1
#define HAVE_MALLOC_H 1
#define HAVE_NETDB_H 1
#define HAVE_STDLIB_H 1
#define HAVE_STRING_H 1
#define HAVE_UNISTD_H 1
#define HAVE_ARPA_INET_H 1
#define HAVE_NETINET_IN_H 1
#define HAVE_SYS_FILE_H 1
#define HAVE_SYS_SOCKET_H 1
#define HAVE_TERMIOS_H 1
#define HAVE_STDLIB_H 1
#define HAVE_MALLOC 1
#define HAVE_STDLIB_H 1
#define HAVE_REALLOC 1
#define HAVE_ALARM 1
#define HAVE_ENDPWENT 1
#define HAVE_MEMSET 1
#define HAVE_MEMMOVE 1
#define HAVE_MKDIR 1
#define HAVE_SELECT 1
#define HAVE_SOCKET 1
#define HAVE_STRDUP 1
#define HAVE_STRNDUP 1
#define HAVE_UNAME 1
#define HAVE___BUILTIN_BSWAP32 1

configure: exit 0
